==============================  Apollo SPS  ==============================
---------------geometry-----------------------
        Rthrt = 5.973 in (Dthrt=11.946 in)
         Rinj = 9.444 in (Dinj=18.888 in)
        Rexit = 47.220 in (Dexit=94.439 in)
           At = 112.077 in**2
          eps = 62.5 
    pcentBell = 72.3 %
           CR = 2.5 injector area / throat area
         Dinj = 18.8878 in  (1 ft 6.888 in)
         Ainj = 280.191 in**2
 cham_conv_deg= 30 deg convergent section half angle
entrance_angle= 36.7855 deg nozzle initial expansion angle
    exit_angle= 9.33502 deg nozzle exit angle
        Lcham = 37.0317 in (set by user Lcham/Dt = 3.1)  (3 ft 1.032 in)
    Lcham_cyl = 27.0186 in  (2 ft 3.019 in)
   Lcham_conv = 10.0131 in 
       Ltotal = 148.327 in  (12 ft 4.327 in)
         Lnoz = 111.295 in  (9 ft 3.295 in)
     RchmConv = 1 convergent section turn radius / throat radius
    RupThroat = 1.5 upstream radius / throat radius
   RdwnThroat = 1 downstream radius / throat radius
    LchmOvrDt = 3.1 chamber length / throat diameter
      LchmMin = 2 in, minimum allowed chamber length
        Vcham = 9471.13 in**3, approximate chamber volume
---------------N2O4/A50 core stream-----------------------
    FvacTotal = 20500.00 lbf
     FvacCore = 17731.58 lbf
  FvacBarrier = 2768.42 lbf
   MRthruster = 1.58666 
       MRcore = 1.86666 
    MRbarrier = 0.681816 
           Pc = 100 psia
=====> IspDel = 314.03 sec, ___DELIVERED VACUUM ISP___
       IspAmb = 314.03 sec, (Pamb=0.0000) (Pexit=0.117116 psia)
   IspDelCore = 320.93 sec
       IspODF = 317.12 sec
       IspODK = 333.63 sec (fracKin=0.619406)
       IspODE = 343.77 sec
===> cstarERE = 5538.8 ft/sec, measured cstar = cstarERE / CdThroat
     cstarODE = 5651.8 ft/sec

   CfVacIdeal = 1.95698 Ideal Vacuum Thrust Coefficient
     CfVacDel = 1.82911 Delivered Vacuum Thrust Coefficient
     CfAmbDel = 1.82911 Delivered Ambient  Thrust Coefficient

============ Thruster Efficiencies ============
              0.91349 Overall Isp Efficiency
------------  0.95262 Nozzle Efficiency ------------
        Div = 0.98851 (simple fit eps=62.5, %bell=72.3) Divergence Efficiency of Nozzle
        Kin = 0.97050 (MLP fit) Kinetic Efficiency of Nozzle
         BL = 0.99299 (MLP fit) Boundary Layer Efficiency of Nozzle
         TP = 1.00000 (default) Two Phase Efficiency of Nozzle
------------  0.98000 (constant) Energy Release Efficiency ------------

------------  0.97849 Fuel Film Cooling ------------

     CdThroat = 0.990299 (MLP fit) throat flow coefficient
      wdotTot = 65.2805 lbm/sec (O/F = 1.58666)
  wdotTotCore = 55.2501 lbm/sec (O/F = 1.86666)
  wdotTotBarr = 10.0304 lbm/sec (O/F = 0.681816)
  wdotOxTotal = 40.0431 lbm/sec
   wdotOxCore = 35.9768 lbm/sec
   wdotOxBarr = 4.06638 lbm/sec
  wdotFlTotal = 25.2374 lbm/sec
   wdotFlCore = 19.2734 lbm/sec
   wdotFlBarr = 5.96404 lbm/sec
        TcODE = 5603.8 degR
        MWchm = 21.6421 g/gmole
     gammaChm = 1.13181 
---------------N2O4/A50 barrier stream-----------------------
    pcentFFC = 15 %
   MRbarrier = 0.681816 
      MRwall = 0.255395 
       Twall = 2151.7 degR (TcBarrier=3458.4 degR)
   effnessFC = 0.498185
WentrOvWcool = 1.64962
    IspDel_b = 276.00 sec delivered vacuum barrier Isp
    IspODF_b = 281.18 sec
    IspODK_b = 281.18 sec (fracKin=0)
    IspODE_b = 294.94 sec
  cstarERE_b = 5092.5 ft/sec
  cstarODE_b = 5092.5 ft/sec
